execve("./uebung6_telefonbuchverwaltung", ["./uebung6_telefonbuchverwaltung"], 0x7ffed3a83240 /* 16 vars */) = 0
brk(NULL)                               = 0x620576f55000
mmap(NULL, 8192, PROT_READ|PROT_WRITE, MAP_PRIVATE|MAP_ANONYMOUS, -1, 0) = 0x7a2184010000
access("/etc/ld.so.preload", R_OK)      = -1 ENOENT (Datei oder Verzeichnis nicht gefunden)
openat(AT_FDCWD, "/etc/ld.so.cache", O_RDONLY|O_CLOEXEC) = 3
fstat(3, {st_mode=S_IFREG|0644, st_size=78291, ...}) = 0
mmap(NULL, 78291, PROT_READ, MAP_PRIVATE, 3, 0) = 0x7a2183ffc000
close(3)                                = 0
openat(AT_FDCWD, "/lib/x86_64-linux-gnu/libc.so.6", O_RDONLY|O_CLOEXEC) = 3
read(3, "\177ELF\2\1\1\3\0\0\0\0\0\0\0\0\3\0>\0\1\0\0\0\220\243\2\0\0\0\0\0"..., 832) = 832
pread64(3, "\6\0\0\0\4\0\0\0@\0\0\0\0\0\0\0@\0\0\0\0\0\0\0@\0\0\0\0\0\0\0"..., 784, 64) = 784
fstat(3, {st_mode=S_IFREG|0755, st_size=2125328, ...}) = 0
pread64(3, "\6\0\0\0\4\0\0\0@\0\0\0\0\0\0\0@\0\0\0\0\0\0\0@\0\0\0\0\0\0\0"..., 784, 64) = 784
mmap(NULL, 2170256, PROT_READ, MAP_PRIVATE|MAP_DENYWRITE, 3, 0) = 0x7a2183c00000
mmap(0x7a2183c28000, 1605632, PROT_READ|PROT_EXEC, MAP_PRIVATE|MAP_FIXED|MAP_DENYWRITE, 3, 0x28000) = 0x7a2183c28000
mmap(0x7a2183db0000, 323584, PROT_READ, MAP_PRIVATE|MAP_FIXED|MAP_DENYWRITE, 3, 0x1b0000) = 0x7a2183db0000
mmap(0x7a2183dff000, 24576, PROT_READ|PROT_WRITE, MAP_PRIVATE|MAP_FIXED|MAP_DENYWRITE, 3, 0x1fe000) = 0x7a2183dff000
mmap(0x7a2183e05000, 52624, PROT_READ|PROT_WRITE, MAP_PRIVATE|MAP_FIXED|MAP_ANONYMOUS, -1, 0) = 0x7a2183e05000
close(3)                                = 0
mmap(NULL, 12288, PROT_READ|PROT_WRITE, MAP_PRIVATE|MAP_ANONYMOUS, -1, 0) = 0x7a2183ff9000
arch_prctl(ARCH_SET_FS, 0x7a2183ff9740) = 0
set_tid_address(0x7a2183ff9a10)         = 9030
set_robust_list(0x7a2183ff9a20, 24)     = 0
rseq(0x7a2183ffa060, 0x20, 0, 0x53053053) = 0
mprotect(0x7a2183dff000, 16384, PROT_READ) = 0
mprotect(0x62056d838000, 4096, PROT_READ) = 0
mprotect(0x7a218404e000, 8192, PROT_READ) = 0
prlimit64(0, RLIMIT_STACK, NULL, {rlim_cur=8192*1024, rlim_max=RLIM64_INFINITY}) = 0
munmap(0x7a2183ffc000, 78291)           = 0
getrandom("\xed\x8a\x2b\xec\xe6\x4a\x63\xf9", 8, GRND_NONBLOCK) = 8
brk(NULL)                               = 0x620576f55000
brk(0x620576f76000)                     = 0x620576f76000
openat(AT_FDCWD, "telefonbuch.csv", O_RDONLY) = -1 ENOENT (Datei oder Verzeichnis nicht gefunden)
fstat(1, {st_mode=S_IFCHR|0620, st_rdev=makedev(0x88, 0x2), ...}) = 0
write(1, "Datei 'telefonbuch.csv' nicht ge"..., 75) = 75
fstat(0, {st_mode=S_IFCHR|0620, st_rdev=makedev(0x88, 0x2), ...}) = 0
write(1, "Vorname: ", 9)                = 9
read(0, "Tim\n", 1024)                  = 4
write(1, "Nachname: ", 10)              = 10
read(0, "Smith\n", 1024)                = 6
write(1, "Telefonnummer: ", 15)         = 15
read(0, "123\n", 1024)                  = 4
write(1, "Vorname: ", 9)                = 9
read(0, "John\n", 1024)                 = 5
write(1, "Nachname: ", 10)              = 10
read(0, "Smith\n", 1024)                = 6
write(1, "Telefonnummer: ", 15)         = 15
read(0, "321\n", 1024)                  = 4
write(1, "Vorname: ", 9)                = 9
read(0, "Max\n", 1024)                  = 4
write(1, "Nachname: ", 10)              = 10
read(0, "SMith\n", 1024)                = 6
write(1, "Telefonnummer: ", 15)         = 15
read(0, "231\n", 1024)                  = 4
write(1, "\n", 1)                       = 1
write(1, "Vorname: Tim, Nachname: Smith, T"..., 50) = 50
write(1, "Vorname: John, Nachname: Smith, "..., 51) = 51
write(1, "Vorname: Max, Nachname: SMith, T"..., 50) = 50
openat(AT_FDCWD, "telefonbuch.csv", O_WRONLY|O_CREAT|O_TRUNC, 0666) = 3
fstat(3, {st_mode=S_IFREG|0644, st_size=0, ...}) = 0
write(3, "Tim,Smith,123\nJohn,Smith,321\nMax"..., 43) = 43
close(3)                                = 0
write(1, "Telefonbuch wurde in 'telefonbuc"..., 52) = 52
exit_group(0)                           = ?
+++ exited with 0 +++
